nohup: ignoring input
start!
该分类器，epoch为1/100，Loss: 1.9625076868317344

Train set: Average loss: 1.6424, Accuracy: 1101/2800 (39.3214%)


Test set: Average loss: 1.6815, Accuracy: 473/1200 (39.4167%)

该分类器，epoch为2/100，Loss: 1.460413846102628

Train set: Average loss: 1.3011, Accuracy: 2073/2800 (74.0357%)


Test set: Average loss: 1.3662, Accuracy: 846/1200 (70.5000%)

该分类器，epoch为3/100，Loss: 1.1911241303790698

Train set: Average loss: 1.0879, Accuracy: 2428/2800 (86.7143%)


Test set: Average loss: 1.1661, Accuracy: 991/1200 (82.5833%)

该分类器，epoch为4/100，Loss: 1.010747031732039

Train set: Average loss: 0.9379, Accuracy: 2474/2800 (88.3571%)


Test set: Average loss: 1.0222, Accuracy: 1024/1200 (85.3333%)

该分类器，epoch为5/100，Loss: 0.881124044006521

Train set: Average loss: 0.8256, Accuracy: 2506/2800 (89.5000%)


Test set: Average loss: 0.9135, Accuracy: 1041/1200 (86.7500%)

该分类器，epoch为6/100，Loss: 0.7821946523406289

Train set: Average loss: 0.7399, Accuracy: 2528/2800 (90.2857%)


Test set: Average loss: 0.8293, Accuracy: 1050/1200 (87.5000%)

该分类器，epoch为7/100，Loss: 0.7055307328701019

Train set: Average loss: 0.6718, Accuracy: 2537/2800 (90.6071%)


Test set: Average loss: 0.7611, Accuracy: 1056/1200 (88.0000%)

该分类器，epoch为8/100，Loss: 0.644883849404075

Train set: Average loss: 0.6168, Accuracy: 2536/2800 (90.5714%)


Test set: Average loss: 0.7059, Accuracy: 1056/1200 (88.0000%)

该分类器，epoch为9/100，Loss: 0.5942417979240417

Train set: Average loss: 0.5715, Accuracy: 2547/2800 (90.9643%)


Test set: Average loss: 0.6595, Accuracy: 1061/1200 (88.4167%)

该分类器，epoch为10/100，Loss: 0.5526182915676724

Train set: Average loss: 0.5335, Accuracy: 2556/2800 (91.2857%)


Test set: Average loss: 0.6202, Accuracy: 1067/1200 (88.9167%)

该分类器，epoch为11/100，Loss: 0.5178524526682767

Train set: Average loss: 0.5011, Accuracy: 2567/2800 (91.6786%)


Test set: Average loss: 0.5865, Accuracy: 1073/1200 (89.4167%)

该分类器，epoch为12/100，Loss: 0.48766765946691687

Train set: Average loss: 0.4732, Accuracy: 2571/2800 (91.8214%)


Test set: Average loss: 0.5573, Accuracy: 1074/1200 (89.5000%)

该分类器，epoch为13/100，Loss: 0.461758742955598

Train set: Average loss: 0.4490, Accuracy: 2578/2800 (92.0714%)


Test set: Average loss: 0.5317, Accuracy: 1075/1200 (89.5833%)

该分类器，epoch为14/100，Loss: 0.43862334300171246

Train set: Average loss: 0.4278, Accuracy: 2585/2800 (92.3214%)


Test set: Average loss: 0.5095, Accuracy: 1076/1200 (89.6667%)

该分类器，epoch为15/100，Loss: 0.4186979139393026

Train set: Average loss: 0.4088, Accuracy: 2585/2800 (92.3214%)


Test set: Average loss: 0.4892, Accuracy: 1079/1200 (89.9167%)

该分类器，epoch为16/100，Loss: 0.40093917467377405

Train set: Average loss: 0.3922, Accuracy: 2589/2800 (92.4643%)


Test set: Average loss: 0.4711, Accuracy: 1083/1200 (90.2500%)

该分类器，epoch为17/100，Loss: 0.3851912258700891

Train set: Average loss: 0.3771, Accuracy: 2593/2800 (92.6071%)


Test set: Average loss: 0.4549, Accuracy: 1084/1200 (90.3333%)

该分类器，epoch为18/100，Loss: 0.3706312802704898

Train set: Average loss: 0.3636, Accuracy: 2594/2800 (92.6429%)


Test set: Average loss: 0.4401, Accuracy: 1086/1200 (90.5000%)

该分类器，epoch为19/100，Loss: 0.3574529608542269

Train set: Average loss: 0.3513, Accuracy: 2596/2800 (92.7143%)


Test set: Average loss: 0.4269, Accuracy: 1087/1200 (90.5833%)

该分类器，epoch为20/100，Loss: 0.34662614830515603

Train set: Average loss: 0.3402, Accuracy: 2599/2800 (92.8214%)


Test set: Average loss: 0.4144, Accuracy: 1089/1200 (90.7500%)

该分类器，epoch为21/100，Loss: 0.335210421545939

Train set: Average loss: 0.3299, Accuracy: 2604/2800 (93.0000%)


Test set: Average loss: 0.4033, Accuracy: 1089/1200 (90.7500%)

该分类器，epoch为22/100，Loss: 0.32533345913345163

Train set: Average loss: 0.3205, Accuracy: 2607/2800 (93.1071%)


Test set: Average loss: 0.3925, Accuracy: 1091/1200 (90.9167%)

该分类器，epoch为23/100，Loss: 0.31624893708662555

Train set: Average loss: 0.3118, Accuracy: 2607/2800 (93.1071%)


Test set: Average loss: 0.3833, Accuracy: 1091/1200 (90.9167%)

该分类器，epoch为24/100，Loss: 0.3084793070500547

Train set: Average loss: 0.3039, Accuracy: 2611/2800 (93.2500%)


Test set: Average loss: 0.3741, Accuracy: 1094/1200 (91.1667%)

该分类器，epoch为25/100，Loss: 0.30024498159235175

Train set: Average loss: 0.2963, Accuracy: 2617/2800 (93.4643%)


Test set: Average loss: 0.3658, Accuracy: 1097/1200 (91.4167%)

该分类器，epoch为26/100，Loss: 0.29314008727669716

Train set: Average loss: 0.2894, Accuracy: 2619/2800 (93.5357%)


Test set: Average loss: 0.3582, Accuracy: 1097/1200 (91.4167%)

该分类器，epoch为27/100，Loss: 0.28588737378066237

Train set: Average loss: 0.2829, Accuracy: 2620/2800 (93.5714%)


Test set: Average loss: 0.3510, Accuracy: 1098/1200 (91.5000%)

该分类器，epoch为28/100，Loss: 0.28134154121984134

Train set: Average loss: 0.2769, Accuracy: 2621/2800 (93.6071%)


Test set: Average loss: 0.3446, Accuracy: 1096/1200 (91.3333%)

该分类器，epoch为29/100，Loss: 0.2743236476724798

Train set: Average loss: 0.2711, Accuracy: 2624/2800 (93.7143%)


Test set: Average loss: 0.3376, Accuracy: 1099/1200 (91.5833%)

该分类器，epoch为30/100，Loss: 0.2685268060727553

Train set: Average loss: 0.2659, Accuracy: 2625/2800 (93.7500%)


Test set: Average loss: 0.3319, Accuracy: 1102/1200 (91.8333%)

该分类器，epoch为31/100，Loss: 0.26344472847201605

Train set: Average loss: 0.2608, Accuracy: 2628/2800 (93.8571%)


Test set: Average loss: 0.3262, Accuracy: 1100/1200 (91.6667%)

该分类器，epoch为32/100，Loss: 0.2585793963887475

Train set: Average loss: 0.2560, Accuracy: 2628/2800 (93.8571%)


Test set: Average loss: 0.3206, Accuracy: 1101/1200 (91.7500%)

该分类器，epoch为33/100，Loss: 0.2539903809401122

Train set: Average loss: 0.2516, Accuracy: 2631/2800 (93.9643%)


Test set: Average loss: 0.3159, Accuracy: 1102/1200 (91.8333%)

该分类器，epoch为34/100，Loss: 0.2498717118393291

Train set: Average loss: 0.2473, Accuracy: 2633/2800 (94.0357%)


Test set: Average loss: 0.3110, Accuracy: 1103/1200 (91.9167%)

该分类器，epoch为35/100，Loss: 0.24616607278585434

Train set: Average loss: 0.2433, Accuracy: 2635/2800 (94.1071%)


Test set: Average loss: 0.3063, Accuracy: 1103/1200 (91.9167%)

该分类器，epoch为36/100，Loss: 0.24129816246303645

Train set: Average loss: 0.2395, Accuracy: 2638/2800 (94.2143%)


Test set: Average loss: 0.3018, Accuracy: 1104/1200 (92.0000%)

该分类器，epoch为37/100，Loss: 0.23796559260650116

Train set: Average loss: 0.2358, Accuracy: 2638/2800 (94.2143%)


Test set: Average loss: 0.2978, Accuracy: 1105/1200 (92.0833%)

该分类器，epoch为38/100，Loss: 0.23417754539034583

Train set: Average loss: 0.2323, Accuracy: 2641/2800 (94.3214%)


Test set: Average loss: 0.2941, Accuracy: 1105/1200 (92.0833%)

该分类器，epoch为39/100，Loss: 0.23104486953128467

Train set: Average loss: 0.2291, Accuracy: 2638/2800 (94.2143%)


Test set: Average loss: 0.2899, Accuracy: 1108/1200 (92.3333%)

该分类器，epoch为40/100，Loss: 0.22785563885488294

Train set: Average loss: 0.2259, Accuracy: 2639/2800 (94.2500%)


Test set: Average loss: 0.2864, Accuracy: 1108/1200 (92.3333%)

该分类器，epoch为41/100，Loss: 0.22494981945915657

Train set: Average loss: 0.2229, Accuracy: 2639/2800 (94.2500%)


Test set: Average loss: 0.2831, Accuracy: 1110/1200 (92.5000%)

该分类器，epoch为42/100，Loss: 0.22129555757750163

Train set: Average loss: 0.2200, Accuracy: 2641/2800 (94.3214%)


Test set: Average loss: 0.2797, Accuracy: 1110/1200 (92.5000%)

该分类器，epoch为43/100，Loss: 0.2187730067155578

Train set: Average loss: 0.2172, Accuracy: 2641/2800 (94.3214%)


Test set: Average loss: 0.2768, Accuracy: 1110/1200 (92.5000%)

该分类器，epoch为44/100，Loss: 0.21625629541548816

Train set: Average loss: 0.2145, Accuracy: 2644/2800 (94.4286%)


Test set: Average loss: 0.2732, Accuracy: 1114/1200 (92.8333%)

该分类器，epoch为45/100，Loss: 0.21405249275267124

Train set: Average loss: 0.2120, Accuracy: 2643/2800 (94.3929%)


Test set: Average loss: 0.2708, Accuracy: 1113/1200 (92.7500%)

该分类器，epoch为46/100，Loss: 0.21093609116294168

Train set: Average loss: 0.2096, Accuracy: 2645/2800 (94.4643%)


Test set: Average loss: 0.2678, Accuracy: 1114/1200 (92.8333%)

该分类器，epoch为47/100，Loss: 0.20838798718018967

Train set: Average loss: 0.2072, Accuracy: 2647/2800 (94.5357%)


Test set: Average loss: 0.2650, Accuracy: 1115/1200 (92.9167%)

该分类器，epoch为48/100，Loss: 0.20640123483132233

Train set: Average loss: 0.2050, Accuracy: 2647/2800 (94.5357%)


Test set: Average loss: 0.2625, Accuracy: 1115/1200 (92.9167%)

该分类器，epoch为49/100，Loss: 0.20411899296397512

Train set: Average loss: 0.2027, Accuracy: 2648/2800 (94.5714%)


Test set: Average loss: 0.2598, Accuracy: 1117/1200 (93.0833%)

该分类器，epoch为50/100，Loss: 0.20246961814436046

Train set: Average loss: 0.2007, Accuracy: 2647/2800 (94.5357%)


Test set: Average loss: 0.2575, Accuracy: 1117/1200 (93.0833%)

该分类器，epoch为51/100，Loss: 0.19981766847724264

Train set: Average loss: 0.1986, Accuracy: 2649/2800 (94.6071%)


Test set: Average loss: 0.2551, Accuracy: 1119/1200 (93.2500%)

该分类器，epoch为52/100，Loss: 0.19776621647179127

Train set: Average loss: 0.1967, Accuracy: 2650/2800 (94.6429%)


Test set: Average loss: 0.2533, Accuracy: 1118/1200 (93.1667%)

该分类器，epoch为53/100，Loss: 0.19668924131176688

Train set: Average loss: 0.1948, Accuracy: 2654/2800 (94.7857%)


Test set: Average loss: 0.2507, Accuracy: 1121/1200 (93.4167%)

该分类器，epoch为54/100，Loss: 0.19383782385425133

Train set: Average loss: 0.1929, Accuracy: 2656/2800 (94.8571%)


Test set: Average loss: 0.2487, Accuracy: 1121/1200 (93.4167%)

该分类器，epoch为55/100，Loss: 0.19235934486443346

Train set: Average loss: 0.1912, Accuracy: 2656/2800 (94.8571%)


Test set: Average loss: 0.2464, Accuracy: 1118/1200 (93.1667%)

该分类器，epoch为56/100，Loss: 0.19056290709836918

Train set: Average loss: 0.1895, Accuracy: 2658/2800 (94.9286%)


Test set: Average loss: 0.2445, Accuracy: 1122/1200 (93.5000%)

该分类器，epoch为57/100，Loss: 0.18890868838537822

Train set: Average loss: 0.1878, Accuracy: 2659/2800 (94.9643%)


Test set: Average loss: 0.2426, Accuracy: 1121/1200 (93.4167%)

该分类器，epoch为58/100，Loss: 0.18719120950184084

Train set: Average loss: 0.1862, Accuracy: 2659/2800 (94.9643%)


Test set: Average loss: 0.2410, Accuracy: 1124/1200 (93.6667%)

该分类器，epoch为59/100，Loss: 0.18554796447808092

Train set: Average loss: 0.1846, Accuracy: 2660/2800 (95.0000%)


Test set: Average loss: 0.2390, Accuracy: 1123/1200 (93.5833%)

该分类器，epoch为60/100，Loss: 0.18508676456456835

Train set: Average loss: 0.1832, Accuracy: 2660/2800 (95.0000%)


Test set: Average loss: 0.2377, Accuracy: 1124/1200 (93.6667%)

该分类器，epoch为61/100，Loss: 0.18336038630117069

Train set: Average loss: 0.1817, Accuracy: 2662/2800 (95.0714%)


Test set: Average loss: 0.2360, Accuracy: 1125/1200 (93.7500%)

该分类器，epoch为62/100，Loss: 0.18126865256239066

Train set: Average loss: 0.1803, Accuracy: 2662/2800 (95.0714%)


Test set: Average loss: 0.2344, Accuracy: 1125/1200 (93.7500%)

该分类器，epoch为63/100，Loss: 0.18042277172207832

Train set: Average loss: 0.1789, Accuracy: 2663/2800 (95.1071%)


Test set: Average loss: 0.2327, Accuracy: 1125/1200 (93.7500%)

该分类器，epoch为64/100，Loss: 0.17823714237998833

Train set: Average loss: 0.1776, Accuracy: 2663/2800 (95.1071%)


Test set: Average loss: 0.2314, Accuracy: 1126/1200 (93.8333%)

该分类器，epoch为65/100，Loss: 0.17771830257367005

Train set: Average loss: 0.1762, Accuracy: 2664/2800 (95.1429%)


Test set: Average loss: 0.2300, Accuracy: 1126/1200 (93.8333%)

该分类器，epoch为66/100，Loss: 0.17596150799231094

Train set: Average loss: 0.1749, Accuracy: 2668/2800 (95.2857%)


Test set: Average loss: 0.2278, Accuracy: 1126/1200 (93.8333%)

该分类器，epoch为67/100，Loss: 0.17506995373828846

Train set: Average loss: 0.1737, Accuracy: 2667/2800 (95.2500%)


Test set: Average loss: 0.2268, Accuracy: 1125/1200 (93.7500%)

该分类器，epoch为68/100，Loss: 0.17425299622118473

Train set: Average loss: 0.1725, Accuracy: 2668/2800 (95.2857%)


Test set: Average loss: 0.2251, Accuracy: 1128/1200 (94.0000%)

该分类器，epoch为69/100，Loss: 0.17239211601289836

Train set: Average loss: 0.1714, Accuracy: 2666/2800 (95.2143%)


Test set: Average loss: 0.2247, Accuracy: 1130/1200 (94.1667%)

该分类器，epoch为70/100，Loss: 0.17148633910851044

Train set: Average loss: 0.1702, Accuracy: 2670/2800 (95.3571%)


Test set: Average loss: 0.2227, Accuracy: 1127/1200 (93.9167%)

该分类器，epoch为71/100，Loss: 0.1697750904343345

Train set: Average loss: 0.1690, Accuracy: 2671/2800 (95.3929%)


Test set: Average loss: 0.2215, Accuracy: 1130/1200 (94.1667%)

该分类器，epoch为72/100，Loss: 0.16910782845860178

Train set: Average loss: 0.1680, Accuracy: 2671/2800 (95.3929%)


Test set: Average loss: 0.2205, Accuracy: 1131/1200 (94.2500%)

该分类器，epoch为73/100，Loss: 0.16780650514093312

Train set: Average loss: 0.1669, Accuracy: 2672/2800 (95.4286%)


Test set: Average loss: 0.2191, Accuracy: 1131/1200 (94.2500%)

该分类器，epoch为74/100，Loss: 0.1679103672504425

Train set: Average loss: 0.1659, Accuracy: 2673/2800 (95.4643%)


Test set: Average loss: 0.2178, Accuracy: 1130/1200 (94.1667%)

该分类器，epoch为75/100，Loss: 0.1657526125623421

Train set: Average loss: 0.1649, Accuracy: 2672/2800 (95.4286%)


Test set: Average loss: 0.2169, Accuracy: 1132/1200 (94.3333%)

该分类器，epoch为76/100，Loss: 0.1644728183746338

Train set: Average loss: 0.1639, Accuracy: 2672/2800 (95.4286%)


Test set: Average loss: 0.2157, Accuracy: 1132/1200 (94.3333%)

该分类器，epoch为77/100，Loss: 0.1640087951990691

Train set: Average loss: 0.1629, Accuracy: 2673/2800 (95.4643%)


Test set: Average loss: 0.2144, Accuracy: 1133/1200 (94.4167%)

该分类器，epoch为78/100，Loss: 0.16263689524070782

Train set: Average loss: 0.1620, Accuracy: 2674/2800 (95.5000%)


Test set: Average loss: 0.2134, Accuracy: 1133/1200 (94.4167%)

该分类器，epoch为79/100，Loss: 0.16264662908559496

Train set: Average loss: 0.1610, Accuracy: 2672/2800 (95.4286%)


Test set: Average loss: 0.2123, Accuracy: 1132/1200 (94.3333%)

该分类器，epoch为80/100，Loss: 0.1613475517793135

Train set: Average loss: 0.1601, Accuracy: 2671/2800 (95.3929%)


Test set: Average loss: 0.2116, Accuracy: 1133/1200 (94.4167%)

该分类器，epoch为81/100，Loss: 0.160739869217981

Train set: Average loss: 0.1593, Accuracy: 2672/2800 (95.4286%)


Test set: Average loss: 0.2105, Accuracy: 1133/1200 (94.4167%)

该分类器，epoch为82/100，Loss: 0.1588575661351735

Train set: Average loss: 0.1584, Accuracy: 2671/2800 (95.3929%)


Test set: Average loss: 0.2094, Accuracy: 1133/1200 (94.4167%)

该分类器，epoch为83/100，Loss: 0.15838661264966836

Train set: Average loss: 0.1576, Accuracy: 2671/2800 (95.3929%)


Test set: Average loss: 0.2084, Accuracy: 1133/1200 (94.4167%)

该分类器，epoch为84/100，Loss: 0.15741501562297344

Train set: Average loss: 0.1567, Accuracy: 2673/2800 (95.4643%)


Test set: Average loss: 0.2077, Accuracy: 1133/1200 (94.4167%)

该分类器，epoch为85/100，Loss: 0.15673419570719654

Train set: Average loss: 0.1559, Accuracy: 2674/2800 (95.5000%)


Test set: Average loss: 0.2067, Accuracy: 1132/1200 (94.3333%)

该分类器，epoch为86/100，Loss: 0.15635786865922538

Train set: Average loss: 0.1552, Accuracy: 2672/2800 (95.4286%)


Test set: Average loss: 0.2065, Accuracy: 1130/1200 (94.1667%)

该分类器，epoch为87/100，Loss: 0.15487791631709447

Train set: Average loss: 0.1544, Accuracy: 2672/2800 (95.4286%)


Test set: Average loss: 0.2048, Accuracy: 1135/1200 (94.5833%)

该分类器，epoch为88/100，Loss: 0.15448944473808462

Train set: Average loss: 0.1536, Accuracy: 2674/2800 (95.5000%)


Test set: Average loss: 0.2041, Accuracy: 1135/1200 (94.5833%)

该分类器，epoch为89/100，Loss: 0.15381068296053194

Train set: Average loss: 0.1529, Accuracy: 2674/2800 (95.5000%)


Test set: Average loss: 0.2037, Accuracy: 1131/1200 (94.2500%)

该分类器，epoch为90/100，Loss: 0.15309061313217337

Train set: Average loss: 0.1521, Accuracy: 2673/2800 (95.4643%)


Test set: Average loss: 0.2028, Accuracy: 1133/1200 (94.4167%)

该分类器，epoch为91/100，Loss: 0.15308764940974387

Train set: Average loss: 0.1514, Accuracy: 2673/2800 (95.4643%)


Test set: Average loss: 0.2016, Accuracy: 1135/1200 (94.5833%)

该分类器，epoch为92/100，Loss: 0.15183839862319556

Train set: Average loss: 0.1507, Accuracy: 2676/2800 (95.5714%)


Test set: Average loss: 0.2005, Accuracy: 1133/1200 (94.4167%)

该分类器，epoch为93/100，Loss: 0.15042154059152713

Train set: Average loss: 0.1501, Accuracy: 2674/2800 (95.5000%)


Test set: Average loss: 0.2005, Accuracy: 1133/1200 (94.4167%)

该分类器，epoch为94/100，Loss: 0.1502522537484765

Train set: Average loss: 0.1494, Accuracy: 2675/2800 (95.5357%)


Test set: Average loss: 0.1990, Accuracy: 1134/1200 (94.5000%)

该分类器，epoch为95/100，Loss: 0.1494485910304568

Train set: Average loss: 0.1487, Accuracy: 2674/2800 (95.5000%)


Test set: Average loss: 0.1989, Accuracy: 1133/1200 (94.4167%)

该分类器，epoch为96/100，Loss: 0.14844927682795309

Train set: Average loss: 0.1481, Accuracy: 2675/2800 (95.5357%)


Test set: Average loss: 0.1979, Accuracy: 1133/1200 (94.4167%)

该分类器，epoch为97/100，Loss: 0.14856307665732774

Train set: Average loss: 0.1475, Accuracy: 2675/2800 (95.5357%)


Test set: Average loss: 0.1969, Accuracy: 1134/1200 (94.5000%)

该分类器，epoch为98/100，Loss: 0.14711178534410216

Train set: Average loss: 0.1468, Accuracy: 2675/2800 (95.5357%)


Test set: Average loss: 0.1965, Accuracy: 1132/1200 (94.3333%)

该分类器，epoch为99/100，Loss: 0.14767545893449674

Train set: Average loss: 0.1462, Accuracy: 2675/2800 (95.5357%)


Test set: Average loss: 0.1959, Accuracy: 1132/1200 (94.3333%)

该分类器，epoch为100/100，Loss: 0.14642310464246708

Train set: Average loss: 0.1456, Accuracy: 2674/2800 (95.5000%)


Test set: Average loss: 0.1953, Accuracy: 1131/1200 (94.2500%)

